[debug] ----------------------------------------------------------------------
[debug] Command:      C:\Program Files\nodejs\node.exe C:\Users\shaurya\AppData\Roaming\npm\node_modules\firebase-tools\bin\firebase serve
[debug] CLI Version:  3.6.0
[debug] Platform:     win32
[debug] Node Version: v7.7.4
[debug] Time:         Sat Apr 08 2017 18:47:45 GMT+0530 (India Standard Time)
[debug] ----------------------------------------------------------------------
[debug] 
[debug] > command requires scopes: ["email","openid","https://www.googleapis.com/auth/cloudplatformprojects.readonly","https://www.googleapis.com/auth/firebase","https://www.googleapis.com/auth/cloud-platform"]
[debug] >>> HTTP REQUEST GET https://admin.firebase.com/v1/projects/sandeep-responsive  
 Sat Apr 08 2017 18:47:45 GMT+0530 (India Standard Time)
[debug] <<< HTTP RESPONSE 200
[debug] >>> HTTP REQUEST GET https://admin.firebase.com/v1/database/sandeep-responsive/tokens  
 Sat Apr 08 2017 18:47:47 GMT+0530 (India Standard Time)
[debug] <<< HTTP RESPONSE 200
[info] Starting Firebase development server...
[info] 
[info] Project Directory: C:\Users\shaurya\workspace\sandeep-responsive\WebContent
[debug] >>> HTTP REQUEST GET https://cloudresourcemanager.googleapis.com/v1/projects/sandeep-responsive  
 Sat Apr 08 2017 18:47:49 GMT+0530 (India Standard Time)
[debug] <<< HTTP RESPONSE 200
[debug] >>> HTTP REQUEST GET https://mobilesdk-pa.googleapis.com/v1/projects/140214647064/clients/_:getWebAppConfig  
 Sat Apr 08 2017 18:47:51 GMT+0530 (India Standard Time)
[debug] <<< HTTP RESPONSE 200
[debug] TypeError: Cannot read property 'public' of undefined
    at Server.<anonymous> (C:\Users\shaurya\AppData\Roaming\npm\node_modules\firebase-tools\commands\serve.js:37:17)
    at Object.onceWrapper (events.js:293:19)
    at emitNone (events.js:86:13)
    at Server.emit (events.js:188:7)
    at emitListeningNT (net.js:1296:10)
    at _combinedTickCallback (internal/process/next_tick.js:77:11)
    at process._tickCallback (internal/process/next_tick.js:104:9)
[error] 
[error] Error: An unexpected error has occurred.
